<?xml version="1.0" encoding="UTF-8"?>
<!-- Generated by org.testng.reporters.JUnitReportReporter -->
<testsuite hostname="DESKTOP-D82O3N0" failures="0" tests="3" name="testng.TestNGDemo" time="0.027" errors="0" timestamp="2023-07-27T17:44:10 GMT-07:00" skipped="0">
  <testcase classname="testng.TestNGDemo" name="titleverification" time="0.005"/>
  <system-out/>
  <testcase classname="testng.TestNGDemo" name="test2" time="0.017"/>
  <system-out/>
  <testcase classname="testng.TestNGDemo" name="pagesrcverification" time="0.005"/>
  <system-out/>
</testsuite> <!-- testng.TestNGDemo -->
