<?xml version="1.0" encoding="UTF-8"?>
<!-- Generated by org.testng.reporters.JUnitReportReporter -->
<testsuite hostname="DESKTOP-D82O3N0" failures="0" tests="1" name="test.Fbcreatepagetest" time="5.189" errors="0" timestamp="2023-08-11T15:27:27 GMT-07:00" skipped="0">
  <testcase classname="test.Fbcreatepagetest" name="pageCreation" time="5.189"/>
  <system-out/>
</testsuite> <!-- test.Fbcreatepagetest -->
