<?xml version="1.0" encoding="UTF-8"?>
<!-- Generated by org.testng.reporters.JUnitReportReporter -->
<testsuite hostname="DESKTOP-D82O3N0" failures="0" tests="1" name="testng.DataDrivenTest" time="10.426" errors="0" timestamp="2023-08-03T16:54:51 GMT-07:00" skipped="0">
  <testcase classname="testng.DataDrivenTest" name="datadriven" time="10.426"/>
  <system-out/>
</testsuite> <!-- testng.DataDrivenTest -->
