<?xml version="1.0" encoding="UTF-8"?>
<!-- Generated by org.testng.reporters.JUnitReportReporter -->
<testsuite hostname="DESKTOP-D82O3N0" failures="0" tests="2" name="testng.Rediff" time="18.432" errors="0" timestamp="2023-07-28T15:33:30 GMT-07:00" skipped="0">
  <testcase classname="testng.Rediff" name="textverify" time="10.297"/>
  <system-out/>
  <testcase classname="testng.Rediff" name="select" time="8.135"/>
  <system-out/>
</testsuite> <!-- testng.Rediff -->
