<?xml version="1.0" encoding="UTF-8"?>
<!-- Generated by org.testng.reporters.JUnitReportReporter -->
<testsuite hostname="DESKTOP-D82O3N0" failures="0" tests="1" name="test.Fblogintest" time="22.392" errors="0" timestamp="2023-08-14T16:38:22 GMT-07:00" skipped="0">
  <testcase classname="test.Fblogintest" name="login" time="22.392"/>
  <system-out/>
</testsuite> <!-- test.Fblogintest -->
