<?xml version="1.0" encoding="UTF-8"?>
<!-- Generated by org.testng.reporters.JUnitReportReporter -->
<testsuite hostname="DESKTOP-D82O3N0" failures="0" tests="1" name="testng.DragAndDrop" time="12.272" errors="0" timestamp="2023-08-01T16:00:43 GMT-07:00" skipped="0">
  <testcase classname="testng.DragAndDrop" name="dropdwn" time="12.272"/>
  <system-out/>
</testsuite> <!-- testng.DragAndDrop -->
