<?xml version="1.0" encoding="UTF-8"?>
<!-- Generated by org.testng.reporters.JUnitReportReporter -->
<testsuite hostname="DESKTOP-D82O3N0" failures="0" tests="1" name="testng.Parameterization" time="0.024" errors="0" timestamp="2023-07-28T16:02:44 GMT-07:00" skipped="0">
  <testcase classname="testng.Parameterization" name="test1" time="0.024"/>
  <system-out/>
</testsuite> <!-- testng.Parameterization -->
