<?xml version="1.0" encoding="UTF-8"?>
<!-- Generated by org.testng.reporters.JUnitReportReporter -->
<testsuite hostname="DESKTOP-D82O3N0" failures="0" tests="1" name="testng.Amazon" time="49.683" errors="0" timestamp="2023-08-05T13:03:12 GMT-07:00" skipped="0">
  <testcase classname="testng.Amazon" name="test" time="49.683"/>
  <system-out/>
</testsuite> <!-- testng.Amazon -->
