<?xml version="1.0" encoding="UTF-8"?>
<!-- Generated by org.testng.reporters.JUnitReportReporter -->
<testsuite hostname="DESKTOP-D82O3N0" failures="0" tests="1" name="testng.ChromeNotiDisable" time="6.149" errors="0" timestamp="2023-08-04T16:14:30 GMT-07:00" skipped="0">
  <testcase classname="testng.ChromeNotiDisable" name="disablenotification" time="6.149"/>
  <system-out/>
</testsuite> <!-- testng.ChromeNotiDisable -->
