<?xml version="1.0" encoding="UTF-8"?>
<!-- Generated by org.testng.reporters.JUnitReportReporter -->
<testsuite hostname="DESKTOP-D82O3N0" failures="0" tests="1" name="testng.Login" time="40.171" errors="0" timestamp="2023-08-01T19:53:50 GMT-07:00" skipped="0">
  <testcase classname="testng.Login" name="start" time="40.171"/>
  <system-out/>
</testsuite> <!-- testng.Login -->
