<?xml version="1.0" encoding="UTF-8"?>
<!-- Generated by org.testng.reporters.JUnitReportReporter -->
<testsuite hostname="DESKTOP-D82O3N0" failures="0" tests="2" name="testng.MouseEvents" time="29.104" errors="0" timestamp="2023-07-31T16:17:25 GMT-07:00" skipped="0">
  <testcase classname="testng.MouseEvents" name="rtclick" time="8.834"/>
  <system-out/>
  <testcase classname="testng.MouseEvents" name="dbclick" time="20.270"/>
  <system-out/>
</testsuite> <!-- testng.MouseEvents -->
