<?xml version="1.0" encoding="UTF-8"?>
<!-- Generated by org.testng.reporters.JUnitReportReporter -->
<testsuite hostname="DESKTOP-D82O3N0" failures="0" tests="1" name="testng.Fileupload1" time="7.826" errors="0" timestamp="2023-08-01T17:06:35 GMT-07:00" skipped="0">
  <testcase classname="testng.Fileupload1" name="fileup" time="7.826"/>
  <system-out/>
</testsuite> <!-- testng.Fileupload1 -->
