<?xml version="1.0" encoding="UTF-8"?>
<!-- Generated by org.testng.reporters.JUnitReportReporter -->
<testsuite hostname="DESKTOP-D82O3N0" failures="0" tests="1" name="testng.GoogleSearchXML" time="2.886" errors="0" timestamp="2023-07-28T16:16:59 GMT-07:00" skipped="0">
  <testcase classname="testng.GoogleSearchXML" name="test" time="2.886"/>
  <system-out/>
</testsuite> <!-- testng.GoogleSearchXML -->
