<?xml version="1.0" encoding="UTF-8"?>
<!-- Generated by org.testng.reporters.JUnitReportReporter -->
<testsuite hostname="DESKTOP-D82O3N0" failures="0" tests="1" name="testpkgdemo1.PomFileuploadtest" time="10.419" errors="0" timestamp="2023-08-08T21:02:25 GMT-07:00" skipped="0">
  <testcase classname="testpkgdemo1.PomFileuploadtest" name="upload" time="10.419"/>
  <system-out/>
</testsuite> <!-- testpkgdemo1.PomFileuploadtest -->
