<?xml version="1.0" encoding="UTF-8"?>
<!-- Generated by org.testng.reporters.JUnitReportReporter -->
<testsuite hostname="DESKTOP-D82O3N0" failures="0" tests="1" name="testng.FileUploadAutoit" time="21.509" errors="0" timestamp="2023-08-02T17:10:46 GMT-07:00" skipped="0">
  <testcase classname="testng.FileUploadAutoit" name="upload" time="21.509"/>
  <system-out/>
</testsuite> <!-- testng.FileUploadAutoit -->
