<?xml version="1.0" encoding="UTF-8"?>
<!-- Generated by org.testng.reporters.JUnitReportReporter -->
<testsuite hostname="DESKTOP-D82O3N0" failures="0" tests="1" name="testng.DatePickerDemo1" time="7.910" errors="0" timestamp="2023-08-08T19:48:58 GMT-07:00" skipped="0">
  <testcase classname="testng.DatePickerDemo1" name="test1" time="7.910"/>
  <system-out/>
</testsuite> <!-- testng.DatePickerDemo1 -->
