<?xml version="1.0" encoding="UTF-8"?>
<!-- Generated by org.testng.reporters.JUnitReportReporter -->
<testsuite hostname="DESKTOP-D82O3N0" failures="0" tests="1" name="testng.FileUploadRobot" time="18.044" errors="0" timestamp="2023-08-02T16:10:51 GMT-07:00" skipped="0">
  <testcase classname="testng.FileUploadRobot" name="start" time="18.044"/>
  <system-out/>
</testsuite> <!-- testng.FileUploadRobot -->
