<?xml version="1.0" encoding="UTF-8"?>
<!-- Generated by org.testng.reporters.JUnitReportReporter -->
<testsuite hostname="DESKTOP-D82O3N0" failures="0" tests="1" name="testng.EBay" time="9.082" errors="0" timestamp="2023-07-31T17:12:21 GMT-07:00" skipped="0">
  <testcase classname="testng.EBay" name="test1" time="9.082"/>
  <system-out/>
</testsuite> <!-- testng.EBay -->
