<?xml version="1.0" encoding="UTF-8"?>
<!-- Generated by org.testng.reporters.JUnitReportReporter -->
<testsuite hostname="DESKTOP-D82O3N0" failures="0" tests="1" name="testng.DatePickerMarinersForex" time="28.036" errors="0" timestamp="2023-08-08T19:40:51 GMT-07:00" skipped="0">
  <testcase classname="testng.DatePickerMarinersForex" name="test1" time="28.036"/>
  <system-out/>
</testsuite> <!-- testng.DatePickerMarinersForex -->
