<?xml version="1.0" encoding="UTF-8"?>
<!-- Generated by org.testng.reporters.JUnitReportReporter -->
<testsuite hostname="DESKTOP-D82O3N0" failures="0" tests="1" name="testng.DltCustomerForm" time="27.003" errors="0" timestamp="2023-08-01T20:14:11 GMT-07:00" skipped="0">
  <testcase classname="testng.DltCustomerForm" name="test" time="27.003"/>
  <system-out/>
</testsuite> <!-- testng.DltCustomerForm -->
