<?xml version="1.0" encoding="UTF-8"?>
<!-- Generated by org.testng.reporters.JUnitReportReporter -->
<testsuite hostname="DESKTOP-D82O3N0" failures="0" tests="1" name="testng.CopyPaste" time="7.028" errors="0" timestamp="2023-07-28T17:23:29 GMT-07:00" skipped="0">
  <testcase classname="testng.CopyPaste" name="copypaste" time="7.028"/>
  <system-out/>
</testsuite> <!-- testng.CopyPaste -->
